[2024-07-20T12:48:46.778+0000] {local_task_job_runner.py:120} INFO - ::group::Pre task execution logs
[2024-07-20T12:48:46.798+0000] {taskinstance.py:2076} INFO - Dependencies all met for dep_context=non-requeueable deps ti=<TaskInstance: etl_reddit_pipeline.s3_upload scheduled__2024-07-19T00:00:00+00:00 [queued]>
[2024-07-20T12:48:46.804+0000] {taskinstance.py:2076} INFO - Dependencies all met for dep_context=requeueable deps ti=<TaskInstance: etl_reddit_pipeline.s3_upload scheduled__2024-07-19T00:00:00+00:00 [queued]>
[2024-07-20T12:48:46.805+0000] {taskinstance.py:2306} INFO - Starting attempt 1 of 1
[2024-07-20T12:48:46.816+0000] {taskinstance.py:2330} INFO - Executing <Task(PythonOperator): s3_upload> on 2024-07-19 00:00:00+00:00
[2024-07-20T12:48:46.822+0000] {standard_task_runner.py:64} INFO - Started process 63 to run task
[2024-07-20T12:48:46.825+0000] {standard_task_runner.py:90} INFO - Running: ['airflow', 'tasks', 'run', 'etl_reddit_pipeline', 's3_upload', 'scheduled__2024-07-19T00:00:00+00:00', '--job-id', '5', '--raw', '--subdir', 'DAGS_FOLDER/reddit_dag.py', '--cfg-path', '/tmp/tmpup3u_07y']
[2024-07-20T12:48:46.827+0000] {standard_task_runner.py:91} INFO - Job 5: Subtask s3_upload
[2024-07-20T12:48:46.865+0000] {task_command.py:426} INFO - Running <TaskInstance: etl_reddit_pipeline.s3_upload scheduled__2024-07-19T00:00:00+00:00 [running]> on host 3fae78c04921
[2024-07-20T12:48:46.927+0000] {taskinstance.py:2648} INFO - Exporting env vars: AIRFLOW_CTX_DAG_OWNER='nopega' AIRFLOW_CTX_DAG_ID='etl_reddit_pipeline' AIRFLOW_CTX_TASK_ID='s3_upload' AIRFLOW_CTX_EXECUTION_DATE='2024-07-19T00:00:00+00:00' AIRFLOW_CTX_TRY_NUMBER='1' AIRFLOW_CTX_DAG_RUN_ID='scheduled__2024-07-19T00:00:00+00:00'
[2024-07-20T12:48:46.928+0000] {taskinstance.py:430} INFO - ::endgroup::
[2024-07-20T12:48:46.947+0000] {logging_mixin.py:188} INFO - module 's3fs' has no attribute 'S3FilesSystem'
[2024-07-20T12:48:46.947+0000] {logging_mixin.py:188} INFO - 'NoneType' object has no attribute 'exist'
[2024-07-20T12:48:46.947+0000] {taskinstance.py:441} INFO - ::group::Post task execution logs
[2024-07-20T12:48:46.948+0000] {taskinstance.py:2905} ERROR - Task failed with exception
Traceback (most recent call last):
  File "/home/airflow/.local/lib/python3.10/site-packages/airflow/models/taskinstance.py", line 465, in _execute_task
    result = _execute_callable(context=context, **execute_callable_kwargs)
  File "/home/airflow/.local/lib/python3.10/site-packages/airflow/models/taskinstance.py", line 432, in _execute_callable
    return execute_callable(context=context, **execute_callable_kwargs)
  File "/home/airflow/.local/lib/python3.10/site-packages/airflow/models/baseoperator.py", line 401, in wrapper
    return func(self, *args, **kwargs)
  File "/home/airflow/.local/lib/python3.10/site-packages/airflow/operators/python.py", line 235, in execute
    return_value = self.execute_callable()
  File "/home/airflow/.local/lib/python3.10/site-packages/airflow/operators/python.py", line 252, in execute_callable
    return self.python_callable(*self.op_args, **self.op_kwargs)
  File "/opt/airflow/pipelines/aws_s3_pipeline.py", line 9, in upload_s3_pipeline
    upload_to_s3(s3,file_path,AWS_BUCKET_NAME,file_path.split('/')[-1])
  File "/opt/airflow/etls/aws_etl.py", line 26, in upload_to_s3
    s3.put(file_path,bucket+'/raw/'+s3_file_name)
AttributeError: 'NoneType' object has no attribute 'put'
[2024-07-20T12:48:46.959+0000] {taskinstance.py:1206} INFO - Marking task as FAILED. dag_id=etl_reddit_pipeline, task_id=s3_upload, run_id=scheduled__2024-07-19T00:00:00+00:00, execution_date=20240719T000000, start_date=20240720T124846, end_date=20240720T124846
[2024-07-20T12:48:46.969+0000] {standard_task_runner.py:110} ERROR - Failed to execute job 5 for task s3_upload ('NoneType' object has no attribute 'put'; 63)
[2024-07-20T12:48:46.997+0000] {local_task_job_runner.py:243} INFO - Task exited with return code 1
[2024-07-20T12:48:47.011+0000] {taskinstance.py:3503} INFO - 0 downstream tasks scheduled from follow-on schedule check
[2024-07-20T12:48:47.013+0000] {local_task_job_runner.py:222} INFO - ::endgroup::
