[2024-07-20T12:56:43.349+0000] {local_task_job_runner.py:120} INFO - ::group::Pre task execution logs
[2024-07-20T12:56:43.368+0000] {taskinstance.py:2076} INFO - Dependencies all met for dep_context=non-requeueable deps ti=<TaskInstance: etl_reddit_pipeline.s3_upload manual__2024-07-20T12:56:38.809265+00:00 [queued]>
[2024-07-20T12:56:43.373+0000] {taskinstance.py:2076} INFO - Dependencies all met for dep_context=requeueable deps ti=<TaskInstance: etl_reddit_pipeline.s3_upload manual__2024-07-20T12:56:38.809265+00:00 [queued]>
[2024-07-20T12:56:43.374+0000] {taskinstance.py:2306} INFO - Starting attempt 1 of 1
[2024-07-20T12:56:43.383+0000] {taskinstance.py:2330} INFO - Executing <Task(PythonOperator): s3_upload> on 2024-07-20 12:56:38.809265+00:00
[2024-07-20T12:56:43.388+0000] {standard_task_runner.py:64} INFO - Started process 69 to run task
[2024-07-20T12:56:43.390+0000] {standard_task_runner.py:90} INFO - Running: ['airflow', 'tasks', 'run', 'etl_reddit_pipeline', 's3_upload', 'manual__2024-07-20T12:56:38.809265+00:00', '--job-id', '7', '--raw', '--subdir', 'DAGS_FOLDER/reddit_dag.py', '--cfg-path', '/tmp/tmp37un5mbu']
[2024-07-20T12:56:43.392+0000] {standard_task_runner.py:91} INFO - Job 7: Subtask s3_upload
[2024-07-20T12:56:43.426+0000] {task_command.py:426} INFO - Running <TaskInstance: etl_reddit_pipeline.s3_upload manual__2024-07-20T12:56:38.809265+00:00 [running]> on host 3fae78c04921
[2024-07-20T12:56:43.483+0000] {taskinstance.py:2648} INFO - Exporting env vars: AIRFLOW_CTX_DAG_OWNER='nopega' AIRFLOW_CTX_DAG_ID='etl_reddit_pipeline' AIRFLOW_CTX_TASK_ID='s3_upload' AIRFLOW_CTX_EXECUTION_DATE='2024-07-20T12:56:38.809265+00:00' AIRFLOW_CTX_TRY_NUMBER='1' AIRFLOW_CTX_DAG_RUN_ID='manual__2024-07-20T12:56:38.809265+00:00'
[2024-07-20T12:56:43.484+0000] {taskinstance.py:430} INFO - ::endgroup::
[2024-07-20T12:56:43.500+0000] {logging_mixin.py:188} INFO - module 's3fs' has no attribute 'S3FilesSystem'
[2024-07-20T12:56:43.500+0000] {logging_mixin.py:188} INFO - 'NoneType' object has no attribute 'exist'
[2024-07-20T12:56:43.500+0000] {taskinstance.py:441} INFO - ::group::Post task execution logs
[2024-07-20T12:56:43.501+0000] {taskinstance.py:2905} ERROR - Task failed with exception
Traceback (most recent call last):
  File "/home/airflow/.local/lib/python3.10/site-packages/airflow/models/taskinstance.py", line 465, in _execute_task
    result = _execute_callable(context=context, **execute_callable_kwargs)
  File "/home/airflow/.local/lib/python3.10/site-packages/airflow/models/taskinstance.py", line 432, in _execute_callable
    return execute_callable(context=context, **execute_callable_kwargs)
  File "/home/airflow/.local/lib/python3.10/site-packages/airflow/models/baseoperator.py", line 401, in wrapper
    return func(self, *args, **kwargs)
  File "/home/airflow/.local/lib/python3.10/site-packages/airflow/operators/python.py", line 235, in execute
    return_value = self.execute_callable()
  File "/home/airflow/.local/lib/python3.10/site-packages/airflow/operators/python.py", line 252, in execute_callable
    return self.python_callable(*self.op_args, **self.op_kwargs)
  File "/opt/airflow/pipelines/aws_s3_pipeline.py", line 9, in upload_s3_pipeline
    upload_to_s3(s3,file_path,AWS_BUCKET_NAME,file_path.split('/')[-1])
  File "/opt/airflow/etls/aws_etl.py", line 27, in upload_to_s3
    s3.put(file_path,bucket+'/raw/'+s3_file_name)
AttributeError: 'NoneType' object has no attribute 'put'
[2024-07-20T12:56:43.512+0000] {taskinstance.py:1206} INFO - Marking task as FAILED. dag_id=etl_reddit_pipeline, task_id=s3_upload, run_id=manual__2024-07-20T12:56:38.809265+00:00, execution_date=20240720T125638, start_date=20240720T125643, end_date=20240720T125643
[2024-07-20T12:56:43.519+0000] {standard_task_runner.py:110} ERROR - Failed to execute job 7 for task s3_upload ('NoneType' object has no attribute 'put'; 69)
[2024-07-20T12:56:43.563+0000] {local_task_job_runner.py:243} INFO - Task exited with return code 1
[2024-07-20T12:56:43.576+0000] {taskinstance.py:3503} INFO - 0 downstream tasks scheduled from follow-on schedule check
[2024-07-20T12:56:43.577+0000] {local_task_job_runner.py:222} INFO - ::endgroup::
