[2024-07-19T21:29:26.853+0000] {local_task_job_runner.py:120} INFO - ::group::Pre task execution logs
[2024-07-19T21:29:26.876+0000] {taskinstance.py:2076} INFO - Dependencies all met for dep_context=non-requeueable deps ti=<TaskInstance: etl_reddit_pipeline.reddit_extraction manual__2024-07-19T21:29:25.598753+00:00 [queued]>
[2024-07-19T21:29:26.883+0000] {taskinstance.py:2076} INFO - Dependencies all met for dep_context=requeueable deps ti=<TaskInstance: etl_reddit_pipeline.reddit_extraction manual__2024-07-19T21:29:25.598753+00:00 [queued]>
[2024-07-19T21:29:26.884+0000] {taskinstance.py:2306} INFO - Starting attempt 1 of 1
[2024-07-19T21:29:26.895+0000] {taskinstance.py:2330} INFO - Executing <Task(PythonOperator): reddit_extraction> on 2024-07-19 21:29:25.598753+00:00
[2024-07-19T21:29:26.902+0000] {standard_task_runner.py:64} INFO - Started process 75 to run task
[2024-07-19T21:29:26.904+0000] {standard_task_runner.py:90} INFO - Running: ['airflow', 'tasks', 'run', 'etl_reddit_pipeline', 'reddit_extraction', 'manual__2024-07-19T21:29:25.598753+00:00', '--job-id', '14', '--raw', '--subdir', 'DAGS_FOLDER/reddit_dag.py', '--cfg-path', '/tmp/tmpe84g6yjk']
[2024-07-19T21:29:26.906+0000] {standard_task_runner.py:91} INFO - Job 14: Subtask reddit_extraction
[2024-07-19T21:29:26.944+0000] {task_command.py:426} INFO - Running <TaskInstance: etl_reddit_pipeline.reddit_extraction manual__2024-07-19T21:29:25.598753+00:00 [running]> on host aa0946d1cd0d
[2024-07-19T21:29:27.024+0000] {taskinstance.py:2648} INFO - Exporting env vars: AIRFLOW_CTX_DAG_OWNER='nopega' AIRFLOW_CTX_DAG_ID='etl_reddit_pipeline' AIRFLOW_CTX_TASK_ID='reddit_extraction' AIRFLOW_CTX_EXECUTION_DATE='2024-07-19T21:29:25.598753+00:00' AIRFLOW_CTX_TRY_NUMBER='1' AIRFLOW_CTX_DAG_RUN_ID='manual__2024-07-19T21:29:25.598753+00:00'
[2024-07-19T21:29:27.025+0000] {taskinstance.py:430} INFO - ::endgroup::
[2024-07-19T21:29:27.040+0000] {logging_mixin.py:188} INFO - connect to reddit!
[2024-07-19T21:29:28.319+0000] {taskinstance.py:441} INFO - ::group::Post task execution logs
[2024-07-19T21:29:28.320+0000] {taskinstance.py:2905} ERROR - Task failed with exception
Traceback (most recent call last):
  File "/home/airflow/.local/lib/python3.10/site-packages/airflow/models/taskinstance.py", line 465, in _execute_task
    result = _execute_callable(context=context, **execute_callable_kwargs)
  File "/home/airflow/.local/lib/python3.10/site-packages/airflow/models/taskinstance.py", line 432, in _execute_callable
    return execute_callable(context=context, **execute_callable_kwargs)
  File "/home/airflow/.local/lib/python3.10/site-packages/airflow/models/baseoperator.py", line 401, in wrapper
    return func(self, *args, **kwargs)
  File "/home/airflow/.local/lib/python3.10/site-packages/airflow/operators/python.py", line 235, in execute
    return_value = self.execute_callable()
  File "/home/airflow/.local/lib/python3.10/site-packages/airflow/operators/python.py", line 252, in execute_callable
    return self.python_callable(*self.op_args, **self.op_kwargs)
  File "/opt/airflow/pipelines/reddit_pipeline.py", line 13, in reddit_pipeline
    load_data_to_csv(post_df, OUTPUT_PATH)
  File "/opt/airflow/etls/reddit_etl.py", line 39, in load_data_to_csv
    data.to_csv(path,index=False)
  File "/home/airflow/.local/lib/python3.10/site-packages/pandas/core/generic.py", line 3551, in to_csv
    return DataFrameRenderer(formatter).to_csv(
  File "/home/airflow/.local/lib/python3.10/site-packages/pandas/io/formats/format.py", line 1180, in to_csv
    csv_formatter.save()
  File "/home/airflow/.local/lib/python3.10/site-packages/pandas/io/formats/csvs.py", line 241, in save
    with get_handle(
  File "/home/airflow/.local/lib/python3.10/site-packages/pandas/io/common.py", line 789, in get_handle
    handle = open(
IsADirectoryError: [Errno 21] Is a directory: '/opt/airflow/data/output'
[2024-07-19T21:29:28.336+0000] {taskinstance.py:1206} INFO - Marking task as FAILED. dag_id=etl_reddit_pipeline, task_id=reddit_extraction, run_id=manual__2024-07-19T21:29:25.598753+00:00, execution_date=20240719T212925, start_date=20240719T212926, end_date=20240719T212928
[2024-07-19T21:29:28.344+0000] {standard_task_runner.py:110} ERROR - Failed to execute job 14 for task reddit_extraction ([Errno 21] Is a directory: '/opt/airflow/data/output'; 75)
[2024-07-19T21:29:28.360+0000] {local_task_job_runner.py:243} INFO - Task exited with return code 1
[2024-07-19T21:29:28.372+0000] {taskinstance.py:3503} INFO - 0 downstream tasks scheduled from follow-on schedule check
[2024-07-19T21:29:28.374+0000] {local_task_job_runner.py:222} INFO - ::endgroup::
