[2024-07-19T20:56:17.534+0000] {local_task_job_runner.py:120} INFO - ::group::Pre task execution logs
[2024-07-19T20:56:17.576+0000] {taskinstance.py:2076} INFO - Dependencies all met for dep_context=non-requeueable deps ti=<TaskInstance: etl_reddit_pipeline.reddit_extraction manual__2024-07-19T20:56:16.351401+00:00 [queued]>
[2024-07-19T20:56:17.586+0000] {taskinstance.py:2076} INFO - Dependencies all met for dep_context=requeueable deps ti=<TaskInstance: etl_reddit_pipeline.reddit_extraction manual__2024-07-19T20:56:16.351401+00:00 [queued]>
[2024-07-19T20:56:17.586+0000] {taskinstance.py:2306} INFO - Starting attempt 1 of 1
[2024-07-19T20:56:17.599+0000] {taskinstance.py:2330} INFO - Executing <Task(PythonOperator): reddit_extraction> on 2024-07-19 20:56:16.351401+00:00
[2024-07-19T20:56:17.609+0000] {standard_task_runner.py:64} INFO - Started process 65 to run task
[2024-07-19T20:56:17.627+0000] {standard_task_runner.py:90} INFO - Running: ['airflow', 'tasks', 'run', 'etl_reddit_pipeline', 'reddit_extraction', 'manual__2024-07-19T20:56:16.351401+00:00', '--job-id', '10', '--raw', '--subdir', 'DAGS_FOLDER/reddit_dag.py', '--cfg-path', '/tmp/tmph398166r']
[2024-07-19T20:56:17.629+0000] {standard_task_runner.py:91} INFO - Job 10: Subtask reddit_extraction
[2024-07-19T20:56:17.717+0000] {task_command.py:426} INFO - Running <TaskInstance: etl_reddit_pipeline.reddit_extraction manual__2024-07-19T20:56:16.351401+00:00 [running]> on host aa0946d1cd0d
[2024-07-19T20:56:17.790+0000] {taskinstance.py:2648} INFO - Exporting env vars: AIRFLOW_CTX_DAG_OWNER='nopega' AIRFLOW_CTX_DAG_ID='etl_reddit_pipeline' AIRFLOW_CTX_TASK_ID='reddit_extraction' AIRFLOW_CTX_EXECUTION_DATE='2024-07-19T20:56:16.351401+00:00' AIRFLOW_CTX_TRY_NUMBER='1' AIRFLOW_CTX_DAG_RUN_ID='manual__2024-07-19T20:56:16.351401+00:00'
[2024-07-19T20:56:17.791+0000] {taskinstance.py:430} INFO - ::endgroup::
[2024-07-19T20:56:18.206+0000] {logging_mixin.py:188} INFO - connect to reddit!
[2024-07-19T20:56:18.206+0000] {logging_mixin.py:188} INFO - <praw.models.listing.generator.ListingGenerator object at 0x7f0ed8194820>
[2024-07-19T20:56:18.206+0000] {taskinstance.py:441} INFO - ::group::Post task execution logs
[2024-07-19T20:56:18.207+0000] {taskinstance.py:2905} ERROR - Task failed with exception
Traceback (most recent call last):
  File "/home/airflow/.local/lib/python3.10/site-packages/airflow/models/taskinstance.py", line 465, in _execute_task
    result = _execute_callable(context=context, **execute_callable_kwargs)
  File "/home/airflow/.local/lib/python3.10/site-packages/airflow/models/taskinstance.py", line 432, in _execute_callable
    return execute_callable(context=context, **execute_callable_kwargs)
  File "/home/airflow/.local/lib/python3.10/site-packages/airflow/models/baseoperator.py", line 401, in wrapper
    return func(self, *args, **kwargs)
  File "/home/airflow/.local/lib/python3.10/site-packages/airflow/operators/python.py", line 235, in execute
    return_value = self.execute_callable()
  File "/home/airflow/.local/lib/python3.10/site-packages/airflow/operators/python.py", line 252, in execute_callable
    return self.python_callable(*self.op_args, **self.op_kwargs)
  File "/opt/airflow/pipelines/reddit_pipeline.py", line 7, in reddit_pipeline
    posts= extract_posts(instance, subreddit,time_filter,limit)
  File "/opt/airflow/etls/reddit_etl.py", line 22, in extract_posts
    for post in post:
UnboundLocalError: local variable 'post' referenced before assignment
[2024-07-19T20:56:18.219+0000] {taskinstance.py:1206} INFO - Marking task as FAILED. dag_id=etl_reddit_pipeline, task_id=reddit_extraction, run_id=manual__2024-07-19T20:56:16.351401+00:00, execution_date=20240719T205616, start_date=20240719T205617, end_date=20240719T205618
[2024-07-19T20:56:18.228+0000] {standard_task_runner.py:110} ERROR - Failed to execute job 10 for task reddit_extraction (local variable 'post' referenced before assignment; 65)
[2024-07-19T20:56:18.241+0000] {local_task_job_runner.py:243} INFO - Task exited with return code 1
[2024-07-19T20:56:18.253+0000] {taskinstance.py:3503} INFO - 0 downstream tasks scheduled from follow-on schedule check
[2024-07-19T20:56:18.255+0000] {local_task_job_runner.py:222} INFO - ::endgroup::
