[2024-07-19T19:48:41.655+0000] {local_task_job_runner.py:120} INFO - ::group::Pre task execution logs
[2024-07-19T19:48:41.699+0000] {taskinstance.py:2076} INFO - Dependencies all met for dep_context=non-requeueable deps ti=<TaskInstance: etl_reddit_pipeline.reddit_extraction manual__2024-07-19T19:48:39.870647+00:00 [queued]>
[2024-07-19T19:48:41.712+0000] {taskinstance.py:2076} INFO - Dependencies all met for dep_context=requeueable deps ti=<TaskInstance: etl_reddit_pipeline.reddit_extraction manual__2024-07-19T19:48:39.870647+00:00 [queued]>
[2024-07-19T19:48:41.713+0000] {taskinstance.py:2306} INFO - Starting attempt 1 of 1
[2024-07-19T19:48:41.727+0000] {taskinstance.py:2330} INFO - Executing <Task(PythonOperator): reddit_extraction> on 2024-07-19 19:48:39.870647+00:00
[2024-07-19T19:48:41.737+0000] {standard_task_runner.py:64} INFO - Started process 53 to run task
[2024-07-19T19:48:41.740+0000] {standard_task_runner.py:90} INFO - Running: ['airflow', 'tasks', 'run', 'etl_reddit_pipeline', 'reddit_extraction', 'manual__2024-07-19T19:48:39.870647+00:00', '--job-id', '4', '--raw', '--subdir', 'DAGS_FOLDER/reddit_dag.py', '--cfg-path', '/tmp/tmpx9ut6tey']
[2024-07-19T19:48:41.742+0000] {standard_task_runner.py:91} INFO - Job 4: Subtask reddit_extraction
[2024-07-19T19:48:41.784+0000] {task_command.py:426} INFO - Running <TaskInstance: etl_reddit_pipeline.reddit_extraction manual__2024-07-19T19:48:39.870647+00:00 [running]> on host aa0946d1cd0d
[2024-07-19T19:48:41.872+0000] {taskinstance.py:2648} INFO - Exporting env vars: AIRFLOW_CTX_DAG_OWNER='nopega' AIRFLOW_CTX_DAG_ID='etl_reddit_pipeline' AIRFLOW_CTX_TASK_ID='reddit_extraction' AIRFLOW_CTX_EXECUTION_DATE='2024-07-19T19:48:39.870647+00:00' AIRFLOW_CTX_TRY_NUMBER='1' AIRFLOW_CTX_DAG_RUN_ID='manual__2024-07-19T19:48:39.870647+00:00'
[2024-07-19T19:48:41.873+0000] {taskinstance.py:430} INFO - ::endgroup::
[2024-07-19T19:48:41.916+0000] {taskinstance.py:441} INFO - ::group::Post task execution logs
[2024-07-19T19:48:41.917+0000] {taskinstance.py:2905} ERROR - Task failed with exception
Traceback (most recent call last):
  File "/home/airflow/.local/lib/python3.10/site-packages/airflow/models/taskinstance.py", line 465, in _execute_task
    result = _execute_callable(context=context, **execute_callable_kwargs)
  File "/home/airflow/.local/lib/python3.10/site-packages/airflow/models/taskinstance.py", line 432, in _execute_callable
    return execute_callable(context=context, **execute_callable_kwargs)
  File "/home/airflow/.local/lib/python3.10/site-packages/airflow/models/baseoperator.py", line 401, in wrapper
    return func(self, *args, **kwargs)
  File "/home/airflow/.local/lib/python3.10/site-packages/airflow/operators/python.py", line 235, in execute
    return_value = self.execute_callable()
  File "/home/airflow/.local/lib/python3.10/site-packages/airflow/operators/python.py", line 252, in execute_callable
    return self.python_callable(*self.op_args, **self.op_kwargs)
TypeError: reddit_pipeline() missing 1 required positional argument: 'filename'
[2024-07-19T19:48:41.926+0000] {taskinstance.py:1206} INFO - Marking task as FAILED. dag_id=etl_reddit_pipeline, task_id=reddit_extraction, run_id=manual__2024-07-19T19:48:39.870647+00:00, execution_date=20240719T194839, start_date=20240719T194841, end_date=20240719T194841
[2024-07-19T19:48:41.940+0000] {standard_task_runner.py:110} ERROR - Failed to execute job 4 for task reddit_extraction (reddit_pipeline() missing 1 required positional argument: 'filename'; 53)
[2024-07-19T19:48:41.958+0000] {local_task_job_runner.py:243} INFO - Task exited with return code 1
[2024-07-19T19:48:41.972+0000] {taskinstance.py:3503} INFO - 0 downstream tasks scheduled from follow-on schedule check
[2024-07-19T19:48:41.973+0000] {local_task_job_runner.py:222} INFO - ::endgroup::
